<?xml version="1.0" encoding="UTF-8"?>
<testng-results ignored="0" total="1" passed="1" failed="0" skipped="0">
  <reporter-output>
  </reporter-output>
  <suite started-at="2024-11-13T22:50:53 IST" name="Suite" finished-at="2024-11-13T22:51:00 IST" duration-ms="7335">
    <groups>
    </groups>
    <test started-at="2024-11-13T22:50:53 IST" name="Test" finished-at="2024-11-13T22:51:00 IST" duration-ms="7335">
      <class name="testCases.TC001_AccountRegistration">
        <test-method is-config="true" signature="setup()[pri:0, instance:testCases.TC001_AccountRegistration@6cc558c6]" started-at="2024-11-13T22:50:53 IST" name="setup" finished-at="2024-11-13T22:50:58 IST" duration-ms="4595" status="PASS">
          <reporter-output>
          </reporter-output>
        </test-method> <!-- setup -->
        <test-method signature="verify_account_registration()[pri:0, instance:testCases.TC001_AccountRegistration@6cc558c6]" started-at="2024-11-13T22:50:58 IST" name="verify_account_registration" finished-at="2024-11-13T22:51:00 IST" duration-ms="2388" status="PASS">
          <reporter-output>
          </reporter-output>
        </test-method> <!-- verify_account_registration -->
        <test-method is-config="true" signature="tearDown()[pri:0, instance:testCases.TC001_AccountRegistration@6cc558c6]" started-at="2024-11-13T22:51:00 IST" name="tearDown" finished-at="2024-11-13T22:51:00 IST" duration-ms="280" status="PASS">
          <reporter-output>
          </reporter-output>
        </test-method> <!-- tearDown -->
      </class> <!-- testCases.TC001_AccountRegistration -->
    </test> <!-- Test -->
  </suite> <!-- Suite -->
</testng-results>
