<?xml version="1.0" encoding="UTF-8"?>
<testng-results ignored="0" total="1" passed="1" failed="0" skipped="0">
  <reporter-output>
  </reporter-output>
  <suite started-at="2024-11-13T17:32:14 IST" name="Suite" finished-at="2024-11-13T17:32:21 IST" duration-ms="6395">
    <groups>
    </groups>
    <test started-at="2024-11-13T17:32:14 IST" name="Test" finished-at="2024-11-13T17:32:21 IST" duration-ms="6395">
      <class name="testCases.TC001_AccountRegistration">
        <test-method is-config="true" signature="setup()[pri:0, instance:testCases.TC001_AccountRegistration@239105a8]" started-at="2024-11-13T17:32:15 IST" name="setup" finished-at="2024-11-13T17:32:19 IST" duration-ms="4040" status="PASS">
          <reporter-output>
          </reporter-output>
        </test-method> <!-- setup -->
        <test-method signature="verify_account_registration()[pri:0, instance:testCases.TC001_AccountRegistration@239105a8]" started-at="2024-11-13T17:32:19 IST" name="verify_account_registration" finished-at="2024-11-13T17:32:21 IST" duration-ms="2061" status="PASS">
          <reporter-output>
          </reporter-output>
        </test-method> <!-- verify_account_registration -->
        <test-method is-config="true" signature="tearDown()[pri:0, instance:testCases.TC001_AccountRegistration@239105a8]" started-at="2024-11-13T17:32:21 IST" name="tearDown" finished-at="2024-11-13T17:32:21 IST" duration-ms="232" status="PASS">
          <reporter-output>
          </reporter-output>
        </test-method> <!-- tearDown -->
      </class> <!-- testCases.TC001_AccountRegistration -->
    </test> <!-- Test -->
  </suite> <!-- Suite -->
</testng-results>
