<?xml version="1.0" encoding="UTF-8"?>
<testng-results ignored="0" total="1" passed="1" failed="0" skipped="0">
  <reporter-output>
  </reporter-output>
  <suite started-at="2024-11-13T17:31:36 IST" name="Suite" finished-at="2024-11-13T17:31:42 IST" duration-ms="5990">
    <groups>
    </groups>
    <test started-at="2024-11-13T17:31:36 IST" name="Test" finished-at="2024-11-13T17:31:42 IST" duration-ms="5990">
      <class name="testCases.TC001_AccountRegistration">
        <test-method is-config="true" signature="setup()[pri:0, instance:testCases.TC001_AccountRegistration@7cbd9d24]" started-at="2024-11-13T17:31:36 IST" name="setup" finished-at="2024-11-13T17:31:40 IST" duration-ms="3704" status="PASS">
          <reporter-output>
          </reporter-output>
        </test-method> <!-- setup -->
        <test-method signature="verify_account_registration()[pri:0, instance:testCases.TC001_AccountRegistration@7cbd9d24]" started-at="2024-11-13T17:31:40 IST" name="verify_account_registration" finished-at="2024-11-13T17:31:42 IST" duration-ms="2004" status="PASS">
          <reporter-output>
          </reporter-output>
        </test-method> <!-- verify_account_registration -->
        <test-method is-config="true" signature="tearDown()[pri:0, instance:testCases.TC001_AccountRegistration@7cbd9d24]" started-at="2024-11-13T17:31:42 IST" name="tearDown" finished-at="2024-11-13T17:31:42 IST" duration-ms="221" status="PASS">
          <reporter-output>
          </reporter-output>
        </test-method> <!-- tearDown -->
      </class> <!-- testCases.TC001_AccountRegistration -->
    </test> <!-- Test -->
  </suite> <!-- Suite -->
</testng-results>
